{
  "RSpec": {
    "coverage": {
      "/Users/subbarao/experiments/nimbleshop/lib/config_loader.rb": [
        1,
        null,
        1,
        null,
        1,
        128,
        null,
        null,
        1,
        128,
        128,
        null,
        128,
        128,
        null,
        128,
        128,
        null,
        null,
        null
      ],
      "/Users/subbarao/experiments/nimbleshop/app/models/payment_method.rb": [
        1,
        null,
        1,
        null,
        1,
        null,
        1,
        null,
        1,
        4,
        4,
        0,
        null,
        null,
        null,
        1,
        127,
        0,
        null,
        null,
        127,
        null,
        127,
        381,
        null,
        null,
        null,
        null,
        381,
        null,
        381,
        null,
        381,
        1524,
        1524,
        null,
        381,
        null,
        null,
        null,
        1,
        null,
        null
      ],
      "/Users/subbarao/experiments/nimbleshop/lib/build_permalink.rb": [
        null,
        null,
        null,
        null,
        null,
        null,
        null,
        null,
        null,
        null,
        null,
        null,
        1,
        1,
        null,
        1,
        6,
        6,
        6,
        null,
        null,
        1,
        1,
        0,
        null,
        null,
        null,
        1,
        421,
        null,
        null,
        1,
        3689,
        3689,
        3689,
        null,
        3689,
        1550,
        1550,
        null,
        null,
        3689,
        null,
        null
      ],
      "/Users/subbarao/experiments/nimbleshop/app/models/payment_method/splitable.rb": [
        1,
        1,
        null,
        null,
        1,
        null,
        1,
        null,
        null,
        1,
        0,
        0,
        0,
        0,
        null,
        null,
        0,
        0,
        0,
        0,
        null,
        null,
        1,
        2,
        2,
        null,
        2,
        null,
        2,
        null,
        null,
        2,
        null,
        null,
        null,
        2,
        2,
        null,
        null,
        1,
        2,
        2,
        4,
        4,
        4,
        null,
        null,
        null,
        null,
        null,
        2,
        null,
        null,
        null
      ],
      "/Users/subbarao/experiments/nimbleshop/app/models/order.rb": [
        1,
        null,
        null,
        1,
        null,
        1,
        1,
        null,
        1,
        1,
        1,
        1,
        1,
        null,
        1,
        null,
        1,
        1,
        null,
        1,
        1,
        null,
        1,
        null,
        null,
        null,
        1,
        1,
        1,
        null,
        1,
        null,
        1,
        1,
        1,
        null,
        1,
        1,
        null,
        1,
        1,
        null,
        1,
        1,
        null,
        null,
        1,
        null,
        null,
        1,
        1,
        1,
        1,
        null,
        1,
        1,
        null,
        null,
        null,
        1,
        0,
        0,
        0,
        null,
        null,
        1,
        0,
        0,
        0,
        0,
        0,
        0,
        null,
        null,
        null,
        null,
        1,
        0,
        0,
        0,
        null,
        null,
        1,
        7,
        null,
        null,
        1,
        26,
        null,
        null,
        1,
        null,
        1,
        7,
        1,
        null,
        6,
        null,
        7,
        null,
        null,
        1,
        3,
        null,
        3,
        3,
        null,
        null,
        1,
        0,
        null,
        null,
        1,
        91,
        null,
        1,
        null,
        1,
        26,
        null,
        1,
        1,
        1,
        null,
        null,
        null,
        null,
        null,
        null,
        null,
        1,
        26,
        null,
        null,
        1,
        30,
        null,
        null,
        1,
        5,
        3,
        null,
        null,
        1,
        77,
        null,
        null,
        1,
        54,
        null,
        null,
        1,
        23,
        null,
        null,
        1,
        6,
        6,
        null,
        null,
        1,
        null,
        6,
        null,
        null,
        1,
        null,
        1,
        3,
        null,
        null,
        1,
        13,
        13,
        0,
        null,
        13,
        null,
        null
      ],
      "/Users/subbarao/experiments/nimbleshop/app/models/payment_method/paypal_website_payments_standard.rb": [
        1,
        null,
        1,
        null,
        null,
        null,
        null,
        null,
        1,
        0,
        null,
        null,
        null,
        null,
        null,
        null,
        null,
        null,
        null,
        0,
        0,
        null,
        null,
        null,
        null,
        null,
        null,
        0,
        0,
        0,
        0,
        0,
        null,
        null,
        null
      ],
      "/Users/subbarao/experiments/nimbleshop/app/models/payment_method/authorize_net.rb": [
        1,
        null,
        1,
        null,
        null,
        1,
        4,
        4,
        4,
        null,
        null,
        1,
        null,
        1,
        4,
        null,
        null,
        1,
        8,
        8,
        null,
        0,
        null,
        null,
        null,
        null
      ],
      "/Users/subbarao/experiments/nimbleshop/app/models/address.rb": [
        1,
        1,
        null,
        1,
        null,
        1,
        null,
        1,
        13,
        null,
        null,
        1,
        14,
        null,
        null,
        1,
        0,
        null,
        null,
        1,
        13,
        null,
        null,
        1,
        13,
        null,
        null,
        1,
        null,
        1,
        49,
        47,
        null,
        2,
        null,
        null,
        null,
        1,
        49,
        49,
        null,
        47,
        47,
        1,
        46,
        45,
        null,
        1,
        null,
        null,
        0,
        0,
        null,
        null,
        null,
        null,
        null,
        1,
        null,
        null,
        1,
        null
      ],
      "/Users/subbarao/experiments/nimbleshop/app/models/shipping_zone.rb": [
        1,
        null,
        1,
        null,
        1,
        null,
        1,
        null
      ],
      "/Users/subbarao/experiments/nimbleshop/app/controllers/application_controller.rb": [
        1,
        1,
        null,
        1,
        1,
        null,
        1,
        null,
        1,
        33,
        null,
        null,
        1,
        null,
        111,
        31,
        31,
        340,
        null,
        null,
        1,
        2,
        null,
        null,
        1,
        97,
        null,
        null,
        1,
        97,
        97,
        97,
        97,
        97,
        null,
        null,
        1,
        249,
        null,
        null,
        null
      ],
      "/Users/subbarao/experiments/nimbleshop/app/helpers/application_helper.rb": [
        1,
        null,
        1,
        36,
        null,
        null,
        1,
        0,
        null,
        null,
        1,
        1000,
        null,
        null,
        1,
        18,
        4482,
        65808,
        null,
        4482,
        null,
        null,
        null,
        1,
        12,
        null,
        null,
        1,
        24,
        null,
        null,
        1,
        4,
        1000,
        null,
        null
      ],
      "/Users/subbarao/experiments/nimbleshop/app/helpers/admin_helper.rb": [
        1,
        null,
        1,
        368,
        null,
        46,
        46,
        null,
        null,
        46,
        46,
        null,
        null,
        46,
        46,
        null,
        null,
        46,
        46,
        null,
        null,
        46,
        46,
        46,
        null,
        null,
        46,
        46,
        null,
        null,
        46,
        46,
        null,
        null,
        46,
        46,
        null,
        null,
        null,
        null,
        1,
        4,
        4,
        null,
        null,
        1,
        3,
        null,
        0,
        null,
        3,
        null,
        3,
        null,
        null,
        1,
        0,
        null,
        null,
        1,
        118,
        118,
        118,
        118,
        null,
        0,
        null,
        null,
        null,
        1,
        2,
        1,
        1,
        1,
        1,
        1,
        null,
        null,
        null
      ],
      "/Users/subbarao/experiments/nimbleshop/app/helpers/nootstrap_helper.rb": [
        1,
        null,
        1,
        28,
        null,
        null,
        1,
        25,
        0,
        null,
        null,
        null
      ],
      "/Users/subbarao/experiments/nimbleshop/app/helpers/payment_method_helper.rb": [
        1,
        null,
        1,
        2,
        null,
        null,
        1,
        6,
        null,
        null,
        1,
        29,
        null,
        null,
        1,
        1,
        null,
        1,
        1,
        null,
        1,
        0,
        null,
        0,
        0,
        null,
        0,
        0,
        null,
        0,
        0,
        null,
        0,
        null,
        null,
        1,
        null,
        null,
        1,
        null,
        1,
        37,
        null,
        null
      ],
      "/Users/subbarao/experiments/nimbleshop/app/controllers/admin/custom_fields_controller.rb": [
        1,
        null,
        1,
        null,
        1,
        0,
        null,
        null,
        1,
        0,
        null,
        null,
        1,
        0,
        null,
        null,
        1,
        0,
        0,
        null,
        0,
        null,
        null,
        null,
        1,
        0,
        null,
        null,
        1,
        0,
        0,
        0,
        null,
        0,
        null,
        null,
        null,
        1,
        0,
        0,
        null,
        0,
        null,
        null,
        null,
        1,
        null,
        1,
        0,
        null,
        null,
        null
      ],
      "/Users/subbarao/experiments/nimbleshop/app/controllers/admin_controller.rb": [
        1,
        1,
        null,
        null,
        1,
        null,
        1,
        null,
        1,
        null,
        0,
        null,
        0,
        0,
        null,
        null,
        null,
        1,
        58,
        null,
        null,
        null
      ],
      "/Users/subbarao/experiments/nimbleshop/app/models/custom_field.rb": [
        1,
        null,
        1,
        null,
        1,
        null,
        1,
        null
      ],
      "/Users/subbarao/experiments/nimbleshop/app/controllers/admin/link_groups_controller.rb": [
        1,
        null,
        1,
        1,
        null,
        1,
        0,
        null,
        null,
        1,
        0,
        null,
        null,
        1,
        0,
        null,
        null,
        1,
        0,
        null,
        null,
        1,
        0,
        0,
        0,
        null,
        0,
        null,
        null,
        null,
        1,
        0,
        0,
        null,
        0,
        null,
        null,
        null,
        1,
        0,
        0,
        null,
        null,
        1,
        null,
        1,
        0,
        null,
        null,
        1,
        0,
        null,
        null,
        null
      ],
      "/Users/subbarao/experiments/nimbleshop/app/models/link_group.rb": [
        1,
        null,
        1,
        null,
        1,
        null,
        1,
        null,
        null
      ],
      "/Users/subbarao/experiments/nimbleshop/app/controllers/admin/main_controller.rb": [
        1,
        null,
        1,
        null,
        1,
        1,
        null,
        null,
        1,
        0,
        0,
        null,
        null,
        null
      ],
      "/Users/subbarao/experiments/nimbleshop/app/controllers/admin/navigations_controller.rb": [
        1,
        null,
        1,
        null,
        null,
        null,
        null
      ],
      "/Users/subbarao/experiments/nimbleshop/app/models/navigation.rb": [
        1,
        1,
        1,
        null
      ],
      "/Users/subbarao/experiments/nimbleshop/app/controllers/admin/orders_controller.rb": [
        1,
        null,
        1,
        2,
        2,
        null,
        null,
        1,
        2,
        2,
        null,
        2,
        0,
        null,
        2,
        2,
        null,
        null,
        null,
        null
      ],
      "/Users/subbarao/experiments/nimbleshop/app/controllers/admin/payment_methods_controller.rb": [
        1,
        null,
        1,
        null,
        1,
        1,
        null,
        null,
        1,
        0,
        0,
        null,
        null,
        1,
        0,
        0,
        0,
        0,
        0,
        null,
        0,
        null,
        0,
        null,
        0,
        null,
        null,
        0,
        null,
        null,
        null,
        1,
        null,
        1,
        1,
        1,
        null,
        null,
        null
      ],
      "/Users/subbarao/experiments/nimbleshop/app/controllers/admin/paymentmethod/authorizedotnets_controller.rb": [
        1,
        null,
        1,
        0,
        0,
        null,
        null,
        1,
        0,
        0,
        null,
        null,
        1,
        0,
        0,
        0,
        0,
        0,
        0,
        null,
        null,
        null
      ],
      "/Users/subbarao/experiments/nimbleshop/app/controllers/admin/paymentmethod/paypalwebsite_payments_standards_controller.rb": [
        1,
        null,
        1,
        null,
        1,
        0,
        0,
        null,
        null,
        1,
        0,
        null,
        null,
        1,
        0,
        0,
        0,
        0,
        null,
        0,
        0,
        null,
        null,
        1,
        null,
        1,
        0,
        null,
        null,
        null
      ],
      "/Users/subbarao/experiments/nimbleshop/app/controllers/admin/paymentmethod/splitables_controller.rb": [
        1,
        null,
        1,
        null,
        1,
        0,
        null,
        null,
        1,
        0,
        null,
        null,
        1,
        0,
        0,
        0,
        0,
        0,
        0,
        0,
        null,
        null,
        1,
        null,
        1,
        0,
        null,
        null,
        null
      ],
      "/Users/subbarao/experiments/nimbleshop/app/controllers/admin/product_groups_controller.rb": [
        1,
        null,
        1,
        null,
        1,
        5,
        5,
        null,
        null,
        1,
        2,
        2,
        2,
        null,
        null,
        1,
        2,
        2,
        1,
        null,
        1,
        null,
        null,
        null,
        1,
        1,
        1,
        null,
        null,
        1,
        1,
        1,
        null,
        0,
        null,
        null,
        null,
        1,
        1,
        1,
        null,
        null,
        1,
        null,
        1,
        3,
        null,
        null,
        null
      ],
      "/Users/subbarao/experiments/nimbleshop/app/models/product_group.rb": [
        1,
        null,
        1,
        null,
        1,
        null,
        1,
        null,
        null,
        1,
        null,
        null,
        1,
        0,
        null,
        null,
        1,
        9,
        9,
        9,
        null,
        9,
        9,
        null,
        null,
        9,
        null,
        null,
        1,
        null,
        null,
        null,
        null,
        null,
        null,
        null,
        null,
        null,
        null,
        null,
        null,
        null,
        null,
        null,
        null,
        9,
        null,
        null,
        1,
        14,
        null,
        null,
        null,
        1,
        2,
        null,
        null,
        null,
        1,
        1,
        0,
        null,
        null,
        null
      ],
      "/Users/subbarao/experiments/nimbleshop/lib/search_extension.rb": [
        1,
        1,
        25,
        25,
        25,
        25,
        null,
        null,
        1,
        14,
        null,
        null,
        1,
        null,
        1,
        58,
        null,
        null,
        1,
        58,
        null,
        null,
        1,
        58,
        null,
        null
      ],
      "/Users/subbarao/experiments/nimbleshop/app/controllers/admin/products_controller.rb": [
        1,
        null,
        1,
        null,
        1,
        null,
        0,
        0,
        0,
        null,
        null,
        0,
        0,
        0,
        0,
        null,
        0,
        null,
        null,
        null,
        null,
        null,
        1,
        9,
        null,
        null,
        1,
        1,
        null,
        null,
        1,
        3,
        3,
        3,
        null,
        null,
        1,
        2,
        null,
        null,
        1,
        3,
        3,
        1,
        null,
        2,
        null,
        null,
        null,
        1,
        2,
        1,
        null,
        1,
        null,
        null,
        null,
        1,
        1,
        1,
        null,
        null,
        1,
        null,
        1,
        6,
        null,
        null,
        null
      ],
      "/Users/subbarao/experiments/nimbleshop/app/models/product.rb": [
        1,
        null,
        1,
        null,
        1,
        null,
        1,
        null,
        1,
        1,
        null,
        1,
        1,
        null,
        1,
        1,
        null,
        0,
        0,
        null,
        null,
        1,
        null,
        1,
        null,
        1,
        1,
        null,
        1,
        null,
        1,
        25,
        null,
        1,
        25,
        null,
        1,
        25,
        null,
        null,
        1,
        0,
        0,
        0,
        0,
        null,
        null,
        null,
        null,
        1,
        97,
        null,
        null,
        1,
        0,
        null,
        null,
        1,
        2,
        2,
        null,
        null,
        1,
        5,
        null,
        null,
        1,
        52,
        52,
        52,
        null,
        null,
        1,
        6,
        0,
        0,
        null,
        6,
        null,
        null,
        null
      ],
      "/Users/subbarao/experiments/nimbleshop/app/controllers/admin/shipments_controller.rb": [
        1,
        null,
        1,
        0,
        0,
        0,
        0,
        0,
        null,
        null,
        null,
        null
      ],
      "/Users/subbarao/experiments/nimbleshop/app/models/shipment.rb": [
        1,
        1,
        null,
        1,
        1,
        null,
        1,
        0,
        null,
        0,
        null,
        0,
        null,
        null,
        null,
        null
      ],
      "/Users/subbarao/experiments/nimbleshop/app/controllers/admin/shipping_methods_controller.rb": [
        1,
        null,
        1,
        1,
        null,
        1,
        0,
        0,
        null,
        null,
        1,
        2,
        2,
        null,
        null,
        1,
        1,
        null,
        1,
        1,
        null,
        null,
        1,
        1,
        null,
        null,
        1,
        null,
        null,
        1,
        1,
        1,
        1,
        null,
        0,
        null,
        null,
        null,
        1,
        0,
        0,
        null,
        0,
        null,
        null,
        null,
        1,
        null,
        1,
        4,
        null,
        null,
        1,
        7,
        null,
        null,
        1,
        null,
        7,
        null,
        null,
        null,
        1,
        3,
        null,
        null
      ],
      "/Users/subbarao/experiments/nimbleshop/app/models/shipping_method.rb": [
        1,
        null,
        1,
        1,
        null,
        1,
        null,
        1,
        1,
        null,
        1,
        null,
        2599,
        null,
        null,
        1,
        null,
        1,
        22,
        null,
        null,
        1,
        23,
        null,
        null,
        22,
        null,
        1,
        1,
        null,
        null,
        1,
        null,
        null,
        null,
        null,
        null,
        null,
        null,
        13,
        null,
        null,
        1,
        1,
        null,
        1,
        1,
        null,
        null,
        1,
        13,
        13,
        null,
        0,
        null,
        null,
        null,
        1,
        7,
        66,
        null,
        null,
        null,
        1,
        43,
        16,
        null,
        27,
        null,
        null,
        null,
        1,
        10290,
        null,
        null,
        1,
        3,
        3,
        null,
        3,
        2,
        2,
        null,
        null,
        null,
        1,
        2,
        null,
        null,
        1,
        3,
        null,
        null,
        1,
        null,
        1,
        56,
        2402,
        null,
        2402,
        114,
        null,
        null,
        2402,
        null,
        null,
        null,
        1,
        59,
        116,
        null,
        null,
        null
      ],
      "/Users/subbarao/experiments/nimbleshop/app/controllers/admin/shipping_zones_controller.rb": [
        1,
        null,
        1,
        null,
        1,
        3,
        3,
        null,
        null,
        1,
        2,
        2,
        null,
        null,
        1,
        0,
        null,
        null,
        1,
        0,
        0,
        null,
        0,
        null,
        null,
        null,
        1,
        1,
        1,
        1,
        null,
        0,
        null,
        null,
        null,
        1,
        0,
        0,
        null,
        0,
        null,
        null,
        null,
        1,
        null,
        1,
        0,
        null,
        null,
        null
      ],
      "/Users/subbarao/experiments/nimbleshop/app/controllers/admin/shops_controller.rb": [
        1,
        null,
        1,
        3,
        null,
        null,
        1,
        3,
        1,
        null,
        2,
        null,
        null,
        null,
        null
      ],
      "/Users/subbarao/experiments/nimbleshop/app/models/shop.rb": [
        1,
        null,
        1,
        null,
        1,
        1,
        1,
        1,
        null,
        1,
        1,
        null,
        1,
        27,
        null,
        null,
        1,
        null,
        1,
        134,
        null,
        null,
        null
      ],
      "/Users/subbarao/experiments/nimbleshop/app/controllers/carts_controller.rb": [
        1,
        null,
        1,
        null,
        1,
        4,
        4,
        null,
        null,
        1,
        3,
        3,
        3,
        null,
        null,
        3,
        0,
        null,
        3,
        null,
        3,
        null,
        null,
        1,
        3,
        2,
        null,
        1,
        2,
        null,
        1,
        null,
        null,
        null,
        null
      ],
      "/Users/subbarao/experiments/nimbleshop/app/controllers/feedbacks_controller.rb": [
        1,
        null,
        1,
        null,
        1,
        0,
        null,
        null,
        1,
        0,
        null,
        null,
        null
      ],
      "/Users/subbarao/experiments/nimbleshop/app/controllers/instant_payment_notifications_controller.rb": [
        1,
        null,
        1,
        null,
        1,
        null,
        null,
        null,
        null,
        1,
        0,
        0,
        0,
        null,
        0,
        0,
        null,
        0,
        0,
        0,
        0,
        0,
        null,
        null,
        0,
        null,
        null,
        0,
        0,
        null,
        0,
        null,
        null,
        0,
        null,
        null,
        1,
        null,
        null,
        0,
        null,
        0,
        0,
        null,
        0,
        0,
        0,
        0,
        null,
        0,
        0,
        0,
        0,
        0,
        0,
        null,
        0,
        null,
        null,
        null,
        null,
        1,
        null,
        1,
        0,
        0,
        null,
        null,
        0,
        0,
        null,
        0,
        0,
        null,
        null,
        null,
        null
      ],
      "/Users/subbarao/experiments/nimbleshop/app/controllers/orders_controller.rb": [
        1,
        null,
        1,
        null,
        1,
        null,
        1,
        3,
        null,
        null,
        1,
        3,
        2,
        2,
        null,
        1,
        1,
        null,
        null,
        null,
        1,
        0,
        0,
        0,
        null,
        null,
        1,
        3,
        3,
        3,
        null,
        null,
        1,
        6,
        3,
        null,
        3,
        3,
        3,
        null,
        null,
        null,
        1,
        null,
        1,
        6,
        6,
        null,
        null
      ],
      "/Users/subbarao/experiments/nimbleshop/app/controllers/pages_controller.rb": [
        1,
        null,
        1,
        null,
        1,
        0,
        null,
        null,
        null
      ],
      "/Users/subbarao/experiments/nimbleshop/app/controllers/payment_processors_controller.rb": [
        1,
        null,
        1,
        null,
        null,
        null,
        2,
        1,
        null,
        1,
        0,
        0,
        0,
        null,
        null,
        null,
        1,
        2,
        2,
        2,
        null,
        null,
        null,
        null,
        2,
        0,
        null,
        2,
        2,
        null,
        null,
        null,
        1,
        0,
        null,
        0,
        null,
        0,
        0,
        0,
        null,
        0,
        0,
        null,
        0,
        null,
        null,
        null,
        null,
        0,
        0,
        0,
        null,
        null,
        0,
        null,
        0,
        null,
        0,
        0,
        null,
        0,
        null,
        0,
        null,
        0,
        0,
        null,
        0,
        0,
        null,
        null,
        null,
        null,
        null,
        1,
        null,
        1,
        2,
        null,
        2,
        2,
        2,
        null,
        0,
        null,
        0,
        null,
        null,
        null,
        null
      ],
      "/Users/subbarao/experiments/nimbleshop/app/models/payment_processor.rb": [
        1,
        1,
        null,
        1,
        0,
        0,
        0,
        0,
        0,
        null,
        null,
        1,
        0,
        null,
        null,
        1,
        0,
        null,
        null,
        1,
        0,
        0,
        0,
        null,
        0,
        null,
        null,
        null,
        1,
        0,
        null,
        null,
        null,
        null,
        null,
        null
      ],
      "/Users/subbarao/experiments/nimbleshop/app/controllers/product_groups_controller.rb": [
        1,
        null,
        1,
        null,
        1,
        0,
        0,
        0,
        0,
        null,
        null,
        null
      ],
      "/Users/subbarao/experiments/nimbleshop/app/controllers/products_controller.rb": [
        1,
        null,
        1,
        null,
        1,
        null,
        1,
        5,
        5,
        5,
        5,
        5,
        null,
        null,
        1,
        6,
        6,
        6,
        6,
        null,
        null,
        1,
        1,
        1,
        1,
        1,
        1,
        1,
        null,
        null,
        null
      ],
      "/Users/subbarao/experiments/nimbleshop/app/mailers/admin_mailer.rb": [
        1,
        1,
        null,
        1,
        1,
        1,
        null,
        1,
        0,
        0,
        null,
        0,
        0,
        0,
        null,
        0,
        0,
        0,
        null,
        null,
        null,
        null,
        null
      ],
      "/Users/subbarao/experiments/nimbleshop/app/mailers/mailer.rb": [
        1,
        1,
        null,
        1,
        null,
        1,
        null,
        2,
        1,
        1,
        null,
        1,
        1,
        1,
        null,
        null,
        1,
        null,
        null,
        null,
        1,
        null,
        1,
        1,
        null,
        null,
        1,
        0,
        0,
        null,
        0,
        0,
        null,
        null,
        null
      ],
      "/Users/subbarao/experiments/nimbleshop/app/models/country_shipping_zone.rb": [
        1,
        null,
        1,
        null,
        1,
        null,
        1,
        1,
        null,
        1,
        null,
        1,
        6050,
        null,
        null,
        1,
        null,
        1,
        65,
        2,
        null,
        null,
        null,
        1,
        63,
        2919,
        null,
        null,
        null,
        1,
        63,
        null,
        null,
        null
      ],
      "/Users/subbarao/experiments/nimbleshop/app/models/creditcard.rb": [
        1,
        null,
        1,
        null,
        1,
        1,
        null,
        1,
        null,
        1,
        null,
        1,
        null,
        1,
        0,
        null,
        null,
        1,
        0,
        0,
        null,
        null,
        null,
        null,
        null,
        null,
        null,
        1,
        null,
        1,
        3,
        null,
        null,
        1,
        3,
        null,
        null,
        1,
        3,
        3,
        null,
        3,
        null,
        null,
        null,
        null,
        null,
        null,
        null,
        null,
        3,
        0,
        null,
        0,
        0,
        0,
        null,
        null,
        null,
        null,
        1,
        4,
        null,
        null,
        null
      ],
      "/Users/subbarao/experiments/nimbleshop/app/models/creditcard_transaction.rb": [
        1,
        null,
        1,
        1,
        null,
        1,
        1,
        null,
        null,
        null,
        null,
        null
      ],
      "/Users/subbarao/experiments/nimbleshop/app/models/custom_field_answer.rb": [
        1,
        1,
        null,
        null,
        1,
        1,
        null,
        null,
        null,
        1,
        null,
        1,
        73,
        null,
        73,
        null,
        null
      ],
      "/Users/subbarao/experiments/nimbleshop/app/models/custom_field_answer/field.rb": [
        1,
        1,
        1,
        null,
        null,
        1,
        0,
        null,
        0,
        null,
        null,
        null,
        1,
        8,
        null,
        8,
        null,
        null,
        null,
        null,
        null,
        1,
        80,
        null,
        80,
        null,
        null,
        null,
        null,
        null,
        1,
        0,
        null,
        null,
        1,
        161,
        null,
        105,
        null,
        null,
        null,
        null,
        null,
        null,
        null,
        null,
        null,
        null,
        null,
        null,
        null,
        null,
        null,
        null,
        null,
        null,
        null,
        null,
        null,
        null,
        null,
        105,
        null,
        null,
        null,
        null,
        null,
        null,
        null,
        null,
        1,
        161,
        161,
        null,
        56,
        null,
        null,
        null,
        1,
        105,
        null,
        null,
        1,
        1,
        83,
        null,
        83,
        null,
        null,
        null,
        1,
        1,
        70,
        null,
        70,
        null,
        null,
        null,
        1,
        null,
        null,
        null
      ],
      "/Users/subbarao/experiments/nimbleshop/app/models/gateway_processor.rb": [
        1,
        null,
        1,
        null,
        1,
        4,
        4,
        4,
        4,
        4,
        null,
        null,
        1,
        1,
        1,
        1,
        null,
        1,
        null,
        null,
        1,
        2,
        2,
        2,
        null,
        2,
        null,
        null,
        1,
        1,
        1,
        1,
        null,
        1,
        null,
        null,
        1,
        null,
        1,
        1,
        1,
        null,
        null,
        null,
        null,
        null,
        null,
        null,
        null,
        null,
        1,
        3,
        3,
        null,
        null,
        null,
        null,
        null,
        null,
        null,
        null,
        null
      ],
      "/Users/subbarao/experiments/nimbleshop/app/models/line_item.rb": [
        1,
        null,
        null,
        null,
        null,
        null,
        1,
        null,
        1,
        null,
        null,
        null,
        1,
        null,
        1,
        null,
        1,
        1,
        1,
        null,
        1,
        1,
        null,
        1,
        1,
        null,
        1,
        83,
        null,
        1,
        null,
        1,
        1,
        null,
        1,
        null,
        1,
        9,
        null,
        null,
        1,
        9,
        9,
        9,
        9,
        null,
        9,
        72,
        null,
        null,
        null,
        null
      ],
      "/Users/subbarao/experiments/nimbleshop/app/models/link.rb": [
        1,
        1,
        null
      ],
      "/Users/subbarao/experiments/nimbleshop/app/models/paypal_payment_notification.rb": [
        1,
        null,
        1,
        1,
        null,
        1,
        0,
        null,
        null,
        1,
        null,
        1,
        0,
        0,
        null,
        null,
        null,
        null
      ],
      "/Users/subbarao/experiments/nimbleshop/app/models/paypal_transaction.rb": [
        null,
        null,
        null,
        1,
        null,
        1,
        null,
        1,
        0,
        0,
        null,
        null,
        null
      ],
      "/Users/subbarao/experiments/nimbleshop/app/models/picture.rb": [
        1,
        1,
        null,
        1,
        null,
        1,
        null,
        1,
        null,
        1,
        55,
        2,
        2,
        null,
        null,
        null,
        null
      ],
      "/Users/subbarao/experiments/nimbleshop/app/uploaders/picture_uploader.rb": [
        null,
        null,
        1,
        null,
        null,
        null,
        1,
        null,
        null,
        null,
        null,
        1,
        36,
        null,
        null,
        null,
        1,
        null,
        null,
        119,
        null,
        null,
        1,
        1,
        null,
        null,
        1,
        1,
        null,
        null,
        1,
        1,
        null,
        null,
        1,
        1,
        null,
        null,
        1,
        1,
        null,
        null,
        1,
        1,
        null,
        null,
        1,
        1,
        null,
        null,
        1,
        1,
        null,
        null,
        null,
        null,
        1,
        42,
        null,
        null,
        null,
        null,
        null,
        null,
        null,
        null,
        null
      ],
      "/Users/subbarao/experiments/nimbleshop/app/models/product_group_condition.rb": [
        1,
        1,
        1,
        1,
        null
      ],
      "/Users/subbarao/experiments/nimbleshop/lib/search.rb": [
        1,
        1,
        1,
        1,
        1,
        1,
        null,
        1,
        1,
        null,
        1,
        1,
        null,
        1,
        null,
        1,
        null,
        null,
        null,
        null,
        1,
        1,
        null,
        1,
        null,
        null,
        null,
        1,
        41,
        41,
        41,
        null,
        null,
        null,
        1,
        3,
        null,
        null,
        null,
        null,
        1,
        null,
        1,
        38,
        12,
        null,
        null,
        null,
        1,
        38,
        3,
        null,
        null,
        null,
        1,
        94,
        null,
        null,
        1,
        94,
        94,
        null,
        null,
        1,
        94,
        94,
        null,
        null,
        1,
        33,
        null,
        null,
        1,
        94,
        null,
        null
      ],
      "/Users/subbarao/experiments/nimbleshop/lib/search/core_field_strategy.rb": [
        1,
        1,
        1,
        1,
        null,
        null,
        1,
        1,
        1,
        null,
        1,
        null,
        null,
        1,
        59,
        null,
        null,
        1,
        58,
        7,
        null,
        51,
        null,
        null,
        null,
        1,
        3,
        null,
        null,
        null
      ],
      "/Users/subbarao/experiments/nimbleshop/lib/search/custom_field_strategy.rb": [
        1,
        1,
        1,
        32,
        null,
        null,
        1,
        32,
        null,
        null,
        1,
        96,
        23,
        null,
        96,
        null,
        null,
        1,
        73,
        null,
        null,
        1,
        32,
        32,
        18,
        null,
        14,
        null,
        null,
        null,
        1,
        41,
        null,
        null,
        1,
        0,
        null,
        null,
        null
      ],
      "/Users/subbarao/experiments/nimbleshop/lib/search/base_field.rb": [
        1,
        1,
        1,
        1,
        null,
        1,
        94,
        null,
        null,
        1,
        38,
        null,
        null,
        1,
        33,
        33,
        null,
        null,
        null
      ],
      "/Users/subbarao/experiments/nimbleshop/lib/search/text_field.rb": [
        1,
        1,
        1,
        null,
        1,
        1,
        null,
        null,
        1,
        4,
        null,
        null,
        1,
        7,
        null,
        null,
        1,
        6,
        null,
        null,
        1,
        14,
        null,
        null,
        1,
        18,
        null,
        null,
        1,
        14,
        null,
        null,
        null
      ],
      "/Users/subbarao/experiments/nimbleshop/lib/search/number_field.rb": [
        1,
        1,
        1,
        null,
        1,
        15,
        null,
        null,
        1,
        15,
        null,
        null,
        1,
        24,
        null,
        null,
        null
      ],
      "/Users/subbarao/experiments/nimbleshop/lib/search/date_field.rb": [
        1,
        1,
        1,
        0,
        null,
        null,
        1,
        9,
        9,
        9,
        null,
        0,
        null,
        null,
        null,
        null
      ],
      "/Users/subbarao/experiments/nimbleshop/app/models/regional_shipping_zone.rb": [
        1,
        null,
        1,
        null,
        1,
        null,
        1,
        null,
        1,
        null,
        1,
        null,
        1,
        2931,
        2931,
        2,
        null,
        null,
        null,
        1,
        2928,
        2928,
        null,
        null
      ],
      "/Users/subbarao/experiments/nimbleshop/app/models/shipment_carrier.rb": [
        1,
        1,
        null
      ],
      "/Users/subbarao/experiments/nimbleshop/app/models/variant.rb": [
        1,
        null,
        1,
        null,
        1,
        12,
        null,
        1,
        1,
        null,
        1,
        1,
        1,
        null,
        1,
        1,
        null,
        null,
        1,
        3,
        0,
        0,
        0,
        0,
        0,
        null,
        null,
        1,
        null,
        1,
        5,
        3,
        3,
        null,
        null,
        null,
        1,
        11,
        8,
        8,
        8,
        8,
        8,
        8,
        8,
        8,
        3,
        3,
        3,
        3,
        3,
        3,
        null,
        null,
        null,
        1,
        11,
        26,
        26,
        7,
        null,
        null,
        null,
        null,
        1,
        5,
        5,
        5,
        null,
        null,
        1,
        5,
        15,
        30,
        27,
        15,
        null,
        null,
        null,
        null,
        1,
        11,
        0,
        null,
        11,
        0,
        null,
        11,
        0,
        null,
        null,
        null,
        null
      ],
      "/Users/subbarao/experiments/nimbleshop/app/models/variation.rb": [
        1,
        null,
        1,
        null,
        1,
        null,
        1,
        null,
        1,
        1,
        null,
        1,
        null,
        1,
        0,
        null,
        null,
        1,
        null,
        1,
        192,
        0,
        0,
        null,
        null,
        null,
        null,
        null
      ]
    },
    "timestamp": 1329594536
  }
}
